<?xml version="1.0" encoding="UTF-8"?>
<!-- Generated by org.testng.reporters.JUnitReportReporter -->
<testsuite skipped="0" hostname="5CG015F7MK" name="com.AutomationJamal.demoProject1.TestClass1" tests="3" failures="0" timestamp="21 Feb 2024 18:34:22 GMT" time="32.538" errors="0">
  <testcase name="Test3" time="11.144" classname="com.AutomationJamal.demoProject1.TestClass1"/>
  <testcase name="Test2" time="10.640" classname="com.AutomationJamal.demoProject1.TestClass1"/>
  <testcase name="Test1" time="10.754" classname="com.AutomationJamal.demoProject1.TestClass1"/>
</testsuite> <!-- com.AutomationJamal.demoProject1.TestClass1 -->
