<?xml version="1.0" encoding="UTF-8"?>
<!-- Generated by org.testng.reporters.JUnitReportReporter -->
<testsuite skipped="0" hostname="5CG015F7MK" name="com.AutomationJamal.demoProject1.TestClass1" tests="3" failures="0" timestamp="21 Feb 2024 18:40:38 GMT" time="34.869" errors="0">
  <testcase name="Test1" time="12.424" classname="com.AutomationJamal.demoProject1.TestClass1"/>
  <testcase name="Test3" time="11.704" classname="com.AutomationJamal.demoProject1.TestClass1"/>
  <testcase name="Test2" time="10.741" classname="com.AutomationJamal.demoProject1.TestClass1"/>
</testsuite> <!-- com.AutomationJamal.demoProject1.TestClass1 -->
